# JRE version: OpenJDK Runtime Environment Temurin-21.0.8+9 (21.0.8+9) (build 21.0.8+9-LTS)
# Java VM: OpenJDK 64-Bit Server VM Temurin-21.0.8+9 (21.0.8+9-LTS, mixed mode, sharing, tiered, compressed oops, compressed class ptrs, parallel gc, windows-amd64)
GC Precious Log:
 CardTable entry size: 512
 CPUs: 20 total, 20 available
 Memory: 16087M
 Large Page Support: Disabled
 NUMA Support: Disabled
 Compressed Oops: Enabled (32-bit)
 Alignments: Space 512K, Generation 512K, Heap 2M
 Heap Min Capacity: 100M
 Heap Initial Capacity: 100M
 Heap Max Capacity: 2G
 Pre-touch: Disabled
 Parallel Workers: 15
Heap:
 PSYoungGen      total 4096K, used 3887K [0x00000000d5580000, 0x00000000d6000000, 0x0000000100000000)
  eden space 2048K, 89% used [0x00000000d5580000,0x00000000d574bfb8,0x00000000d5780000)
  from space 2048K, 100% used [0x00000000d5780000,0x00000000d5980000,0x00000000d5980000)
  to   space 4096K, 0% used [0x00000000d5c00000,0x00000000d5c00000,0x00000000d6000000)
 ParOldGen       total 355328K, used 316954K [0x0000000080000000, 0x0000000095b00000, 0x00000000d5580000)
  object space 355328K, 89% used [0x0000000080000000,0x0000000093586a90,0x0000000095b00000)
 Metaspace       used 82190K, committed 83776K, reserved 1179648K
  class space    used 8543K, committed 9280K, reserved 1048576K
GC Heap History (20 events):
Event: 5931.333 GC heap before
{Heap before GC invocations=936 (full 4):
 PSYoungGen      total 5632K, used 5227K [0x00000000d5580000, 0x00000000d5d80000, 0x0000000100000000)
  eden space 3072K, 99% used [0x00000000d5580000,0x00000000d587ffe0,0x00000000d5880000)
  from space 2560K, 84% used [0x00000000d5880000,0x00000000d5a9af90,0x00000000d5b00000)
  to   space 2560K, 0% used [0x00000000d5b00000,0x00000000d5b00000,0x00000000d5d80000)
 ParOldGen       total 355328K, used 302893K [0x0000000080000000, 0x0000000095b00000, 0x00000000d5580000)
  object space 355328K, 85% used [0x0000000080000000,0x00000000927cb690,0x0000000095b00000)
 Metaspace       used 82151K, committed 83712K, reserved 1179648K
  class space    used 8543K, committed 9280K, reserved 1048576K
}
Event: 5931.335 GC heap after
{Heap after GC invocations=936 (full 4):
 PSYoungGen      total 3072K, used 2560K [0x00000000d5580000, 0x00000000d6480000, 0x0000000100000000)
  eden space 512K, 0% used [0x00000000d5580000,0x00000000d5580000,0x00000000d5600000)
  from space 2560K, 100% used [0x00000000d5b00000,0x00000000d5d80000,0x00000000d5d80000)
  to   space 5120K, 0% used [0x00000000d5600000,0x00000000d5600000,0x00000000d5b00000)
 ParOldGen       total 355328K, used 305388K [0x0000000080000000, 0x0000000095b00000, 0x00000000d5580000)
  object space 355328K, 85% used [0x0000000080000000,0x0000000092a3b3e0,0x0000000095b00000)
 Metaspace       used 82151K, committed 83712K, reserved 1179648K
  class space    used 8543K, committed 9280K, reserved 1048576K
}
Event: 5931.337 GC heap before
{Heap before GC invocations=937 (full 4):
 PSYoungGen      total 3072K, used 3072K [0x00000000d5580000, 0x00000000d6480000, 0x0000000100000000)
  eden space 512K, 100% used [0x00000000d5580000,0x00000000d5600000,0x00000000d5600000)
  from space 2560K, 100% used [0x00000000d5b00000,0x00000000d5d80000,0x00000000d5d80000)
  to   space 5120K, 0% used [0x00000000d5600000,0x00000000d5600000,0x00000000d5b00000)
 ParOldGen       total 355328K, used 305388K [0x0000000080000000, 0x0000000095b00000, 0x00000000d5580000)
  object space 355328K, 85% used [0x0000000080000000,0x0000000092a3b3e0,0x0000000095b00000)
 Metaspace       used 82151K, committed 83712K, reserved 1179648K
  class space    used 8543K, committed 9280K, reserved 1048576K
}
Event: 5931.339 GC heap after
{Heap after GC invocations=937 (full 4):
 PSYoungGen      total 1536K, used 843K [0x00000000d5580000, 0x00000000d5b80000, 0x0000000100000000)
  eden space 512K, 0% used [0x00000000d5580000,0x00000000d5580000,0x00000000d5600000)
  from space 1024K, 82% used [0x00000000d5600000,0x00000000d56d2f90,0x00000000d5700000)
  to   space 2560K, 0% used [0x00000000d5900000,0x00000000d5900000,0x00000000d5b80000)
 ParOldGen       total 355328K, used 308036K [0x0000000080000000, 0x0000000095b00000, 0x00000000d5580000)
  object space 355328K, 86% used [0x0000000080000000,0x0000000092cd13e0,0x0000000095b00000)
 Metaspace       used 82151K, committed 83712K, reserved 1179648K
  class space    used 8543K, committed 9280K, reserved 1048576K
}
Event: 5931.340 GC heap before
{Heap before GC invocations=938 (full 4):
 PSYoungGen      total 1536K, used 1355K [0x00000000d5580000, 0x00000000d5b80000, 0x0000000100000000)
  eden space 512K, 99% used [0x00000000d5580000,0x00000000d55fffb8,0x00000000d5600000)
  from space 1024K, 82% used [0x00000000d5600000,0x00000000d56d2f90,0x00000000d5700000)
  to   space 2560K, 0% used [0x00000000d5900000,0x00000000d5900000,0x00000000d5b80000)
 ParOldGen       total 355328K, used 308036K [0x0000000080000000, 0x0000000095b00000, 0x00000000d5580000)
  object space 355328K, 86% used [0x0000000080000000,0x0000000092cd13e0,0x0000000095b00000)
 Metaspace       used 82151K, committed 83712K, reserved 1179648K
  class space    used 8543K, committed 9280K, reserved 1048576K
}
Event: 5931.341 GC heap after
{Heap after GC invocations=938 (full 4):
 PSYoungGen      total 2048K, used 544K [0x00000000d5580000, 0x00000000d5a00000, 0x0000000100000000)
  eden space 1024K, 0% used [0x00000000d5580000,0x00000000d5580000,0x00000000d5680000)
  from space 1024K, 53% used [0x00000000d5900000,0x00000000d5988000,0x00000000d5a00000)
  to   space 1024K, 0% used [0x00000000d5800000,0x00000000d5800000,0x00000000d5900000)
 ParOldGen       total 355328K, used 308568K [0x0000000080000000, 0x0000000095b00000, 0x00000000d5580000)
  object space 355328K, 86% used [0x0000000080000000,0x0000000092d56370,0x0000000095b00000)
 Metaspace       used 82151K, committed 83712K, reserved 1179648K
  class space    used 8543K, committed 9280K, reserved 1048576K
}
Event: 5931.342 GC heap before
{Heap before GC invocations=939 (full 4):
 PSYoungGen      total 2048K, used 1567K [0x00000000d5580000, 0x00000000d5a00000, 0x0000000100000000)
  eden space 1024K, 99% used [0x00000000d5580000,0x00000000d567ffc8,0x00000000d5680000)
  from space 1024K, 53% used [0x00000000d5900000,0x00000000d5988000,0x00000000d5a00000)
  to   space 1024K, 0% used [0x00000000d5800000,0x00000000d5800000,0x00000000d5900000)
 ParOldGen       total 355328K, used 308568K [0x0000000080000000, 0x0000000095b00000, 0x00000000d5580000)
  object space 355328K, 86% used [0x0000000080000000,0x0000000092d56370,0x0000000095b00000)
 Metaspace       used 82151K, committed 83712K, reserved 1179648K
  class space    used 8543K, committed 9280K, reserved 1048576K
}
Event: 5931.342 GC heap after
{Heap after GC invocations=939 (full 4):
 PSYoungGen      total 2560K, used 1024K [0x00000000d5580000, 0x00000000d5b00000, 0x0000000100000000)
  eden space 1536K, 0% used [0x00000000d5580000,0x00000000d5580000,0x00000000d5700000)
  from space 1024K, 100% used [0x00000000d5800000,0x00000000d5900000,0x00000000d5900000)
  to   space 2048K, 0% used [0x00000000d5900000,0x00000000d5900000,0x00000000d5b00000)
 ParOldGen       total 355328K, used 309112K [0x0000000080000000, 0x0000000095b00000, 0x00000000d5580000)
  object space 355328K, 86% used [0x0000000080000000,0x0000000092dde370,0x0000000095b00000)
 Metaspace       used 82151K, committed 83712K, reserved 1179648K
  class space    used 8543K, committed 9280K, reserved 1048576K
}
Event: 5931.344 GC heap before
{Heap before GC invocations=940 (full 4):
 PSYoungGen      total 2560K, used 2560K [0x00000000d5580000, 0x00000000d5b00000, 0x0000000100000000)
  eden space 1536K, 100% used [0x00000000d5580000,0x00000000d5700000,0x00000000d5700000)
  from space 1024K, 100% used [0x00000000d5800000,0x00000000d5900000,0x00000000d5900000)
  to   space 2048K, 0% used [0x00000000d5900000,0x00000000d5900000,0x00000000d5b00000)
 ParOldGen       total 355328K, used 309112K [0x0000000080000000, 0x0000000095b00000, 0x00000000d5580000)
  object space 355328K, 86% used [0x0000000080000000,0x0000000092dde370,0x0000000095b00000)
 Metaspace       used 82151K, committed 83712K, reserved 1179648K
  class space    used 8543K, committed 9280K, reserved 1048576K
}
Event: 5931.345 GC heap after
{Heap after GC invocations=940 (full 4):
 PSYoungGen      total 3584K, used 1696K [0x00000000d5580000, 0x00000000d5b80000, 0x0000000100000000)
  eden space 1536K, 0% used [0x00000000d5580000,0x00000000d5580000,0x00000000d5700000)
  from space 2048K, 82% used [0x00000000d5900000,0x00000000d5aa8000,0x00000000d5b00000)
  to   space 2048K, 0% used [0x00000000d5700000,0x00000000d5700000,0x00000000d5900000)
 ParOldGen       total 355328K, used 310136K [0x0000000080000000, 0x0000000095b00000, 0x00000000d5580000)
  object space 355328K, 87% used [0x0000000080000000,0x0000000092ede370,0x0000000095b00000)
 Metaspace       used 82151K, committed 83712K, reserved 1179648K
  class space    used 8543K, committed 9280K, reserved 1048576K
}
Event: 5931.528 GC heap before
{Heap before GC invocations=941 (full 4):
 PSYoungGen      total 3584K, used 3232K [0x00000000d5580000, 0x00000000d5b80000, 0x0000000100000000)
  eden space 1536K, 100% used [0x00000000d5580000,0x00000000d5700000,0x00000000d5700000)
  from space 2048K, 82% used [0x00000000d5900000,0x00000000d5aa8000,0x00000000d5b00000)
  to   space 2048K, 0% used [0x00000000d5700000,0x00000000d5700000,0x00000000d5900000)
 ParOldGen       total 355328K, used 310136K [0x0000000080000000, 0x0000000095b00000, 0x00000000d5580000)
  object space 355328K, 87% used [0x0000000080000000,0x0000000092ede370,0x0000000095b00000)
 Metaspace       used 82151K, committed 83712K, reserved 1179648K
  class space    used 8543K, committed 9280K, reserved 1048576K
}
Event: 5931.529 GC heap after
{Heap after GC invocations=941 (full 4):
 PSYoungGen      total 3584K, used 832K [0x00000000d5580000, 0x00000000d5a80000, 0x0000000100000000)
  eden space 1536K, 0% used [0x00000000d5580000,0x00000000d5580000,0x00000000d5700000)
  from space 2048K, 40% used [0x00000000d5700000,0x00000000d57d0000,0x00000000d5900000)
  to   space 1536K, 0% used [0x00000000d5900000,0x00000000d5900000,0x00000000d5a80000)
 ParOldGen       total 355328K, used 311744K [0x0000000080000000, 0x0000000095b00000, 0x00000000d5580000)
  object space 355328K, 87% used [0x0000000080000000,0x0000000093070370,0x0000000095b00000)
 Metaspace       used 82151K, committed 83712K, reserved 1179648K
  class space    used 8543K, committed 9280K, reserved 1048576K
}
Event: 5931.531 GC heap before
{Heap before GC invocations=942 (full 4):
 PSYoungGen      total 3584K, used 2368K [0x00000000d5580000, 0x00000000d5a80000, 0x0000000100000000)
  eden space 1536K, 100% used [0x00000000d5580000,0x00000000d5700000,0x00000000d5700000)
  from space 2048K, 40% used [0x00000000d5700000,0x00000000d57d0000,0x00000000d5900000)
  to   space 1536K, 0% used [0x00000000d5900000,0x00000000d5900000,0x00000000d5a80000)
 ParOldGen       total 355328K, used 311744K [0x0000000080000000, 0x0000000095b00000, 0x00000000d5580000)
  object space 355328K, 87% used [0x0000000080000000,0x0000000093070370,0x0000000095b00000)
 Metaspace       used 82151K, committed 83712K, reserved 1179648K
  class space    used 8543K, committed 9280K, reserved 1048576K
}
Event: 5931.533 GC heap after
{Heap after GC invocations=942 (full 4):
 PSYoungGen      total 3072K, used 1451K [0x00000000d5580000, 0x00000000d5b80000, 0x0000000100000000)
  eden space 1536K, 0% used [0x00000000d5580000,0x00000000d5580000,0x00000000d5700000)
  from space 1536K, 94% used [0x00000000d5900000,0x00000000d5a6af90,0x00000000d5a80000)
  to   space 2048K, 0% used [0x00000000d5700000,0x00000000d5700000,0x00000000d5900000)
 ParOldGen       total 355328K, used 312517K [0x0000000080000000, 0x0000000095b00000, 0x00000000d5580000)
  object space 355328K, 87% used [0x0000000080000000,0x00000000931317f0,0x0000000095b00000)
 Metaspace       used 82151K, committed 83712K, reserved 1179648K
  class space    used 8543K, committed 9280K, reserved 1048576K
}
Event: 5931.534 GC heap before
{Heap before GC invocations=943 (full 4):
 PSYoungGen      total 3072K, used 2987K [0x00000000d5580000, 0x00000000d5b80000, 0x0000000100000000)
  eden space 1536K, 100% used [0x00000000d5580000,0x00000000d5700000,0x00000000d5700000)
  from space 1536K, 94% used [0x00000000d5900000,0x00000000d5a6af90,0x00000000d5a80000)
  to   space 2048K, 0% used [0x00000000d5700000,0x00000000d5700000,0x00000000d5900000)
 ParOldGen       total 355328K, used 312517K [0x0000000080000000, 0x0000000095b00000, 0x00000000d5580000)
  object space 355328K, 87% used [0x0000000080000000,0x00000000931317f0,0x0000000095b00000)
 Metaspace       used 82151K, committed 83712K, reserved 1179648K
  class space    used 8543K, committed 9280K, reserved 1048576K
}
Event: 5931.536 GC heap after
{Heap after GC invocations=943 (full 4):
 PSYoungGen      total 3584K, used 1792K [0x00000000d5580000, 0x00000000d5b80000, 0x0000000100000000)
  eden space 1536K, 0% used [0x00000000d5580000,0x00000000d5580000,0x00000000d5700000)
  from space 2048K, 87% used [0x00000000d5700000,0x00000000d58c0000,0x00000000d5900000)
  to   space 2048K, 0% used [0x00000000d5980000,0x00000000d5980000,0x00000000d5b80000)
 ParOldGen       total 355328K, used 313822K [0x0000000080000000, 0x0000000095b00000, 0x00000000d5580000)
  object space 355328K, 88% used [0x0000000080000000,0x0000000093277b00,0x0000000095b00000)
 Metaspace       used 82151K, committed 83712K, reserved 1179648K
  class space    used 8543K, committed 9280K, reserved 1048576K
}
Event: 5931.538 GC heap before
{Heap before GC invocations=944 (full 4):
 PSYoungGen      total 3584K, used 3327K [0x00000000d5580000, 0x00000000d5b80000, 0x0000000100000000)
  eden space 1536K, 99% used [0x00000000d5580000,0x00000000d56fffc8,0x00000000d5700000)
  from space 2048K, 87% used [0x00000000d5700000,0x00000000d58c0000,0x00000000d5900000)
  to   space 2048K, 0% used [0x00000000d5980000,0x00000000d5980000,0x00000000d5b80000)
 ParOldGen       total 355328K, used 313822K [0x0000000080000000, 0x0000000095b00000, 0x00000000d5580000)
  object space 355328K, 88% used [0x0000000080000000,0x0000000093277b00,0x0000000095b00000)
 Metaspace       used 82151K, committed 83712K, reserved 1179648K
  class space    used 8543K, committed 9280K, reserved 1048576K
}
Event: 5931.540 GC heap after
{Heap after GC invocations=944 (full 4):
 PSYoungGen      total 4096K, used 1707K [0x00000000d5580000, 0x00000000d5b80000, 0x0000000100000000)
  eden space 2048K, 0% used [0x00000000d5580000,0x00000000d5580000,0x00000000d5780000)
  from space 2048K, 83% used [0x00000000d5980000,0x00000000d5b2af90,0x00000000d5b80000)
  to   space 2048K, 0% used [0x00000000d5780000,0x00000000d5780000,0x00000000d5980000)
 ParOldGen       total 355328K, used 315382K [0x0000000080000000, 0x0000000095b00000, 0x00000000d5580000)
  object space 355328K, 88% used [0x0000000080000000,0x00000000933fdb00,0x0000000095b00000)
 Metaspace       used 82151K, committed 83712K, reserved 1179648K
  class space    used 8543K, committed 9280K, reserved 1048576K
}
Event: 5931.542 GC heap before
{Heap before GC invocations=945 (full 4):
 PSYoungGen      total 4096K, used 3755K [0x00000000d5580000, 0x00000000d5b80000, 0x0000000100000000)
  eden space 2048K, 100% used [0x00000000d5580000,0x00000000d5780000,0x00000000d5780000)
  from space 2048K, 83% used [0x00000000d5980000,0x00000000d5b2af90,0x00000000d5b80000)
  to   space 2048K, 0% used [0x00000000d5780000,0x00000000d5780000,0x00000000d5980000)
 ParOldGen       total 355328K, used 315382K [0x0000000080000000, 0x0000000095b00000, 0x00000000d5580000)
  object space 355328K, 88% used [0x0000000080000000,0x00000000933fdb00,0x0000000095b00000)
 Metaspace       used 82151K, committed 83712K, reserved 1179648K
  class space    used 8543K, committed 9280K, reserved 1048576K
}
Event: 5931.544 GC heap after
{Heap after GC invocations=945 (full 4):
 PSYoungGen      total 4096K, used 2048K [0x00000000d5580000, 0x00000000d6000000, 0x0000000100000000)
  eden space 2048K, 0% used [0x00000000d5580000,0x00000000d5580000,0x00000000d5780000)
  from space 2048K, 100% used [0x00000000d5780000,0x00000000d5980000,0x00000000d5980000)
  to   space 4096K, 0% used [0x00000000d5c00000,0x00000000d5c00000,0x00000000d6000000)
 ParOldGen       total 355328K, used 316954K [0x0000000080000000, 0x0000000095b00000, 0x00000000d5580000)
  object space 355328K, 89% used [0x0000000080000000,0x0000000093586a90,0x0000000095b00000)
 Metaspace       used 82151K, committed 83712K, reserved 1179648K
  class space    used 8543K, committed 9280K, reserved 1048576K
}

